# JRE version: Java(TM) SE Runtime Environment (8.0_111-b14) (build 1.8.0_111-b14)
# Java VM: Java HotSpot(TM) 64-Bit Server VM (25.111-b14 mixed mode windows-amd64 compressed oops)
Heap:
 PSYoungGen      total 224768K, used 141490K [0x0000000780000000, 0x000000078f180000, 0x00000007c0000000)
  eden space 203264K, 69% used [0x0000000780000000,0x0000000788a2c8f8,0x000000078c680000)
  from space 21504K, 0% used [0x000000078db80000,0x000000078db80000,0x000000078f080000)
  to   space 21504K, 0% used [0x000000078c680000,0x000000078c680000,0x000000078db80000)
 ParOldGen       total 317952K, used 18530K [0x0000000700000000, 0x0000000713680000, 0x0000000780000000)
  object space 317952K, 5% used [0x0000000700000000,0x0000000701218b10,0x0000000713680000)
 Metaspace       used 44148K, capacity 45206K, committed 45440K, reserved 1087488K
  class space    used 6152K, capacity 6490K, committed 6528K, reserved 1048576K
GC Heap History (10 events):
Event: 5.302 GC heap before
{Heap before GC invocations=2 (full 0):
 PSYoungGen      total 153088K, used 67237K [0x0000000780000000, 0x000000078aa80000, 0x00000007c0000000)
  eden space 131584K, 41% used [0x0000000780000000,0x000000078352ac98,0x0000000788080000)
  from space 21504K, 59% used [0x0000000788080000,0x0000000788cfeb18,0x0000000789580000)
  to   space 21504K, 0% used [0x0000000789580000,0x0000000789580000,0x000000078aa80000)
 ParOldGen       total 349696K, used 16K [0x0000000700000000, 0x0000000715580000, 0x0000000780000000)
  object space 349696K, 0% used [0x0000000700000000,0x0000000700004000,0x0000000715580000)
 Metaspace       used 20727K, capacity 21138K, committed 21296K, reserved 1067008K
  class space    used 2999K, capacity 3134K, committed 3200K, reserved 1048576K
Event: 5.311 GC heap after
Heap after GC invocations=2 (full 0):
 PSYoungGen      total 153088K, used 11264K [0x0000000780000000, 0x000000078aa80000, 0x00000007c0000000)
  eden space 131584K, 0% used [0x0000000780000000,0x0000000780000000,0x0000000788080000)
  from space 21504K, 52% used [0x0000000789580000,0x000000078a080098,0x000000078aa80000)
  to   space 21504K, 0% used [0x0000000788080000,0x0000000788080000,0x0000000789580000)
 ParOldGen       total 349696K, used 24K [0x0000000700000000, 0x0000000715580000, 0x0000000780000000)
  object space 349696K, 0% used [0x0000000700000000,0x0000000700006000,0x0000000715580000)
 Metaspace       used 20727K, capacity 21138K, committed 21296K, reserved 1067008K
  class space    used 2999K, capacity 3134K, committed 3200K, reserved 1048576K
}
Event: 5.311 GC heap before
{Heap before GC invocations=3 (full 1):
 PSYoungGen      total 153088K, used 11264K [0x0000000780000000, 0x000000078aa80000, 0x00000007c0000000)
  eden space 131584K, 0% used [0x0000000780000000,0x0000000780000000,0x0000000788080000)
  from space 21504K, 52% used [0x0000000789580000,0x000000078a080098,0x000000078aa80000)
  to   space 21504K, 0% used [0x0000000788080000,0x0000000788080000,0x0000000789580000)
 ParOldGen       total 349696K, used 24K [0x0000000700000000, 0x0000000715580000, 0x0000000780000000)
  object space 349696K, 0% used [0x0000000700000000,0x0000000700006000,0x0000000715580000)
 Metaspace       used 20727K, capacity 21138K, committed 21296K, reserved 1067008K
  class space    used 2999K, capacity 3134K, committed 3200K, reserved 1048576K
Event: 5.340 GC heap after
Heap after GC invocations=3 (full 1):
 PSYoungGen      total 153088K, used 0K [0x0000000780000000, 0x000000078aa80000, 0x00000007c0000000)
  eden space 131584K, 0% used [0x0000000780000000,0x0000000780000000,0x0000000788080000)
  from space 21504K, 0% used [0x0000000789580000,0x0000000789580000,0x000000078aa80000)
  to   space 21504K, 0% used [0x0000000788080000,0x0000000788080000,0x0000000789580000)
 ParOldGen       total 198656K, used 10941K [0x0000000700000000, 0x000000070c200000, 0x0000000780000000)
  object space 198656K, 5% used [0x0000000700000000,0x0000000700aaf638,0x000000070c200000)
 Metaspace       used 20727K, capacity 21138K, committed 21296K, reserved 1067008K
  class space    used 2999K, capacity 3134K, committed 3200K, reserved 1048576K
}
Event: 7.130 GC heap before
{Heap before GC invocations=4 (full 1):
 PSYoungGen      total 153088K, used 131584K [0x0000000780000000, 0x000000078aa80000, 0x00000007c0000000)
  eden space 131584K, 100% used [0x0000000780000000,0x0000000788080000,0x0000000788080000)
  from space 21504K, 0% used [0x0000000789580000,0x0000000789580000,0x000000078aa80000)
  to   space 21504K, 0% used [0x0000000788080000,0x0000000788080000,0x0000000789580000)
 ParOldGen       total 198656K, used 10941K [0x0000000700000000, 0x000000070c200000, 0x0000000780000000)
  object space 198656K, 5% used [0x0000000700000000,0x0000000700aaf638,0x000000070c200000)
 Metaspace       used 30641K, capacity 31210K, committed 31488K, reserved 1077248K
  class space    used 4367K, capacity 4561K, committed 4608K, reserved 1048576K
Event: 7.139 GC heap after
Heap after GC invocations=4 (full 1):
 PSYoungGen      total 153088K, used 12818K [0x0000000780000000, 0x000000078f080000, 0x00000007c0000000)
  eden space 131584K, 0% used [0x0000000780000000,0x0000000780000000,0x0000000788080000)
  from space 21504K, 59% used [0x0000000788080000,0x0000000788d04bd8,0x0000000789580000)
  to   space 21504K, 0% used [0x000000078db80000,0x000000078db80000,0x000000078f080000)
 ParOldGen       total 198656K, used 10949K [0x0000000700000000, 0x000000070c200000, 0x0000000780000000)
  object space 198656K, 5% used [0x0000000700000000,0x0000000700ab1638,0x000000070c200000)
 Metaspace       used 30641K, capacity 31210K, committed 31488K, reserved 1077248K
  class space    used 4367K, capacity 4561K, committed 4608K, reserved 1048576K
}
Event: 8.392 GC heap before
{Heap before GC invocations=5 (full 1):
 PSYoungGen      total 153088K, used 83306K [0x0000000780000000, 0x000000078f080000, 0x00000007c0000000)
  eden space 131584K, 53% used [0x0000000780000000,0x00000007844d6008,0x0000000788080000)
  from space 21504K, 59% used [0x0000000788080000,0x0000000788d04bd8,0x0000000789580000)
  to   space 21504K, 0% used [0x000000078db80000,0x000000078db80000,0x000000078f080000)
 ParOldGen       total 198656K, used 10949K [0x0000000700000000, 0x000000070c200000, 0x0000000780000000)
  object space 198656K, 5% used [0x0000000700000000,0x0000000700ab1638,0x000000070c200000)
 Metaspace       used 34589K, capacity 35358K, committed 35496K, reserved 1079296K
  class space    used 4812K, capacity 5043K, committed 5120K, reserved 1048576K
Event: 8.401 GC heap after
Heap after GC invocations=5 (full 1):
 PSYoungGen      total 224768K, used 11892K [0x0000000780000000, 0x000000078f180000, 0x00000007c0000000)
  eden space 203264K, 0% used [0x0000000780000000,0x0000000780000000,0x000000078c680000)
  from space 21504K, 55% used [0x000000078db80000,0x000000078e71d040,0x000000078f080000)
  to   space 21504K, 0% used [0x000000078c680000,0x000000078c680000,0x000000078db80000)
 ParOldGen       total 198656K, used 10957K [0x0000000700000000, 0x000000070c200000, 0x0000000780000000)
  object space 198656K, 5% used [0x0000000700000000,0x0000000700ab3638,0x000000070c200000)
 Metaspace       used 34589K, capacity 35358K, committed 35496K, reserved 1079296K
  class space    used 4812K, capacity 5043K, committed 5120K, reserved 1048576K
}
Event: 8.401 GC heap before
{Heap before GC invocations=6 (full 2):
 PSYoungGen      total 224768K, used 11892K [0x0000000780000000, 0x000000078f180000, 0x00000007c0000000)
  eden space 203264K, 0% used [0x0000000780000000,0x0000000780000000,0x000000078c680000)
  from space 21504K, 55% used [0x000000078db80000,0x000000078e71d040,0x000000078f080000)
  to   space 21504K, 0% used [0x000000078c680000,0x000000078c680000,0x000000078db80000)
 ParOldGen       total 198656K, used 10957K [0x0000000700000000, 0x000000070c200000, 0x0000000780000000)
  object space 198656K, 5% used [0x0000000700000000,0x0000000700ab3638,0x000000070c200000)
 Metaspace       used 34589K, capacity 35358K, committed 35496K, reserved 1079296K
  class space    used 4812K, capacity 5043K, committed 5120K, reserved 1048576K
Event: 8.446 GC heap after
Heap after GC invocations=6 (full 2):
 PSYoungGen      total 224768K, used 0K [0x0000000780000000, 0x000000078f180000, 0x00000007c0000000)
  eden space 203264K, 0% used [0x0000000780000000,0x0000000780000000,0x000000078c680000)
  from space 21504K, 0% used [0x000000078db80000,0x000000078db80000,0x000000078f080000)
  to   space 21504K, 0% used [0x000000078c680000,0x000000078c680000,0x000000078db80000)
 ParOldGen       total 317952K, used 18530K [0x0000000700000000, 0x0000000713680000, 0x0000000780000000)
  object space 317952K, 5% used [0x0000000700000000,0x0000000701218b10,0x0000000713680000)
 Metaspace       used 34481K, capacity 35214K, committed 35496K, reserved 1079296K
  class space    used 4782K, capacity 4995K, committed 5120K, reserved 1048576K
}

